<?xml version="1.0" encoding="UTF-8"?>
<testsuite xmlns:xsi="http://www.w3.org/2001/XMLSchema-instance" xsi:noNamespaceSchemaLocation="https://maven.apache.org/surefire/maven-surefire-plugin/xsd/surefire-test-report-3.0.xsd" version="3.0" name="sorting.test.variationsOfBubblesort.BidirectionalBubbleSortTest" time="0.005" tests="11" errors="0" skipped="0" failures="0">
  <properties>
[...]
</properties>
  <testcase name="testNormalVetorDulicata" classname="sorting.test.variationsOfBubblesort.BidirectionalBubbleSortTest" time="0.0"/>
  <testcase name="testNormalVetorTamanhoUm" classname="sorting.test.variationsOfBubblesort.BidirectionalBubbleSortTest" time="0.0"/>
  <testcase name="testNormalVetorPar" classname="sorting.test.variationsOfBubblesort.BidirectionalBubbleSortTest" time="0.0"/>
  <testcase name="testNormalVetorComValoresNegativos" classname="sorting.test.variationsOfBubblesort.BidirectionalBubbleSortTest" time="0.0"/>
  <testcase name="testNormalVetorImpar" classname="sorting.test.variationsOfBubblesort.BidirectionalBubbleSortTest" time="0.0"/>
  <testcase name="testNormalVetorVazio" classname="sorting.test.variationsOfBubblesort.BidirectionalBubbleSortTest" time="0.0"/>
  <testcase name="testNormalVetorRepetido" classname="sorting.test.variationsOfBubblesort.BidirectionalBubbleSortTest" time="0.0"/>
  <testcase name="testNormalVetorTamanhoDois" classname="sorting.test.variationsOfBubblesort.BidirectionalBubbleSortTest" time="0.0"/>
  <testcase name="testNormalVetorOrdenado" classname="sorting.test.variationsOfBubblesort.BidirectionalBubbleSortTest" time="0.0"/>
  <testcase name="testNormalVetorIguais" classname="sorting.test.variationsOfBubblesort.BidirectionalBubbleSortTest" time="0.0"/>
  <testcase name="testNormalMeioDeArray" classname="sorting.test.variationsOfBubblesort.BidirectionalBubbleSortTest" time="0.0"/>
</testsuite>